  demo.cpp
I:\EnginePrj\TanmiClock\TanmiClock\TanmiClock\TanmiClock_64.hpp(106,41): warning C4244: “初始化”: 从“double”转换到“const int”，可能丢失数据
I:\EnginePrj\TanmiClock\TanmiClock\TanmiClock\TanmiClock_64.hpp(108,25): warning C4244: “初始化”: 从“double”转换到“const int”，可能丢失数据
I:\EnginePrj\TanmiClock\TanmiClock\TanmiClock\TanmiClock_64.hpp(165,28): warning C4244: “return”: 从“TanmiClock::ull”转换到“int”，可能丢失数据
I:\EnginePrj\TanmiClock\TanmiClock\TanmiClock\TanmiClock_64.hpp(253,35): warning C4244: “return”: 从“unsigned __int64”转换到“int”，可能丢失数据
I:\EnginePrj\TanmiClock\TanmiClock\TanmiClock\TanmiClock_64.hpp(269,38): warning C4244: “初始化”: 从“float”转换到“unsigned __int64”，可能丢失数据
I:\EnginePrj\TanmiClock\TanmiClock\TanmiClock\TanmiClock_64.hpp(272,35): warning C4244: “return”: 从“unsigned __int64”转换到“int”，可能丢失数据
I:\EnginePrj\TanmiClock\TanmiClock\TanmiClock\TanmiClock_64.hpp(359,30): warning C4244: “=”: 从“double”转换到“TanmiClock::ull”，可能丢失数据
I:\EnginePrj\TanmiClock\TanmiClock\TanmiClock\TanmiClock_64.hpp(377,15): warning C4244: “=”: 从“double”转换到“float”，可能丢失数据
I:\EnginePrj\TanmiClock\TanmiClock\TanmiClock\TanmiClock_64.hpp(546,52): warning C4244: “+=”: 从“float”转换到“TanmiClock::ull”，可能丢失数据
I:\EnginePrj\TanmiClock\TanmiClock\TanmiClock\TanmiClock_64.hpp(578,52): warning C4244: “+=”: 从“float”转换到“TanmiClock::ull”，可能丢失数据
E:\software\VS2022\VC\Tools\MSVC\14.35.32215\include\xutility(261,71): warning C4244: “参数”: 从“_Ty”转换到“TanmiClock::ull”，可能丢失数据
          with
          [
              _Ty=double
          ]
E:\software\VS2022\VC\Tools\MSVC\14.35.32215\include\xutility(260,16): message : 查看对正在编译的函数 模板 实例化“_Ty *std::construct_at<_Ty,std::string&,_Ty1&,double,float,bool,0x0>(_Ty *const ,std::string &,_Ty1 &,double &&,float &&,bool &&) noexcept(<expr>)”的引用
          with
          [
              _Ty=TanmiClock::ClockElem,
              _Ty1=TanmiClock::ull
          ]
E:\software\VS2022\VC\Tools\MSVC\14.35.32215\include\memory(1983): message : 查看对正在编译的函数 模板 实例化“void std::_Construct_in_place<_Ty,std::string&,_Ty1&,double,float,bool>(_Ty &,std::string &,_Ty1 &,double &&,float &&,bool &&) noexcept(false)”的引用
          with
          [
              _Ty=TanmiClock::ClockElem,
              _Ty1=TanmiClock::ull
          ]
E:\software\VS2022\VC\Tools\MSVC\14.35.32215\include\memory(2663): message : 查看对正在编译的函数 模板 实例化“std::_Ref_count_obj2<TanmiClock::ClockElem>::_Ref_count_obj2<std::string&,_Ty1&,_Ty,float,bool>(std::string &,_Ty1 &,_Ty &&,float &&,bool &&)”的引用
          with
          [
              _Ty1=TanmiClock::ull,
              _Ty=double
          ]
E:\software\VS2022\VC\Tools\MSVC\14.35.32215\include\memory(2664,20): message : 查看对正在编译的函数 模板 实例化“std::_Ref_count_obj2<TanmiClock::ClockElem>::_Ref_count_obj2<std::string&,_Ty1&,_Ty,float,bool>(std::string &,_Ty1 &,_Ty &&,float &&,bool &&)”的引用
          with
          [
              _Ty1=TanmiClock::ull,
              _Ty=double
          ]
I:\EnginePrj\TanmiClock\TanmiClock\TanmiClock\TanmiClock_64.hpp(190,60): message : 查看对正在编译的函数 模板 实例化“std::shared_ptr<TanmiClock::ClockElem> std::make_shared<TanmiClock::ClockElem,std::string&,_Ty1&,double,float,bool>(std::string &,_Ty1 &,double &&,float &&,bool &&)”的引用
          with
          [
              _Ty1=TanmiClock::ull
          ]
E:\software\VS2022\VC\Tools\MSVC\14.35.32215\include\xutility(275,77): warning C4244: “参数”: 从“_Ty”转换到“TanmiClock::ull”，可能丢失数据
          with
          [
              _Ty=double
          ]
E:\software\VS2022\VC\Tools\MSVC\14.35.32215\include\xutility(261,71): warning C4244: “参数”: 从“_Ty”转换到“TanmiClock::ull”，可能丢失数据
          with
          [
              _Ty=float
          ]
E:\software\VS2022\VC\Tools\MSVC\14.35.32215\include\xutility(260,16): message : 查看对正在编译的函数 模板 实例化“_Ty *std::construct_at<_Ty,std::string&,_Ty1&,float,float,bool,0x0>(_Ty *const ,std::string &,_Ty1 &,float &&,float &&,bool &&) noexcept(<expr>)”的引用
          with
          [
              _Ty=TanmiClock::ClockElem,
              _Ty1=TanmiClock::ull
          ]
E:\software\VS2022\VC\Tools\MSVC\14.35.32215\include\memory(1983): message : 查看对正在编译的函数 模板 实例化“void std::_Construct_in_place<_Ty,std::string&,_Ty1&,float,float,bool>(_Ty &,std::string &,_Ty1 &,float &&,float &&,bool &&) noexcept(false)”的引用
          with
          [
              _Ty=TanmiClock::ClockElem,
              _Ty1=TanmiClock::ull
          ]
E:\software\VS2022\VC\Tools\MSVC\14.35.32215\include\memory(2663): message : 查看对正在编译的函数 模板 实例化“std::_Ref_count_obj2<TanmiClock::ClockElem>::_Ref_count_obj2<std::string&,_Ty1&,_Ty,_Ty,bool>(std::string &,_Ty1 &,_Ty &&,_Ty &&,bool &&)”的引用
          with
          [
              _Ty1=TanmiClock::ull,
              _Ty=float
          ]
E:\software\VS2022\VC\Tools\MSVC\14.35.32215\include\memory(2664,20): message : 查看对正在编译的函数 模板 实例化“std::_Ref_count_obj2<TanmiClock::ClockElem>::_Ref_count_obj2<std::string&,_Ty1&,_Ty,_Ty,bool>(std::string &,_Ty1 &,_Ty &&,_Ty &&,bool &&)”的引用
          with
          [
              _Ty1=TanmiClock::ull,
              _Ty=float
          ]
I:\EnginePrj\TanmiClock\TanmiClock\TanmiClock\TanmiClock_64.hpp(420,61): message : 查看对正在编译的函数 模板 实例化“std::shared_ptr<TanmiClock::ClockElem> std::make_shared<TanmiClock::ClockElem,std::string&,_Ty1&,float,float,bool>(std::string &,_Ty1 &,float &&,float &&,bool &&)”的引用
          with
          [
              _Ty1=TanmiClock::ull
          ]
E:\software\VS2022\VC\Tools\MSVC\14.35.32215\include\xutility(275,77): warning C4244: “参数”: 从“_Ty”转换到“TanmiClock::ull”，可能丢失数据
          with
          [
              _Ty=float
          ]
E:\software\VS2022\VC\Tools\MSVC\14.35.32215\include\xutility(262,85): warning C4244: “参数”: 从“_Ty”转换到“TanmiClock::ull”，可能丢失数据
          with
          [
              _Ty=double
          ]
E:\software\VS2022\VC\Tools\MSVC\14.35.32215\include\xutility(268): message : 查看对正在编译的函数 模板 实例化“_Ty *std::construct_at<_Ty,std::string&,_Ty1&,double,float,bool,0x0>(_Ty *const ,std::string &,_Ty1 &,double &&,float &&,bool &&) noexcept(false)”的引用
          with
          [
              _Ty=TanmiClock::ClockElem,
              _Ty1=TanmiClock::ull
          ]
E:\software\VS2022\VC\Tools\MSVC\14.35.32215\include\memory(1983): message : 查看对正在编译的函数 模板 实例化“void std::_Construct_in_place<_Ty,std::string&,_Ty1&,double,float,bool>(_Ty &,std::string &,_Ty1 &,double &&,float &&,bool &&) noexcept(false)”的引用
          with
          [
              _Ty=TanmiClock::ClockElem,
              _Ty1=TanmiClock::ull
          ]
E:\software\VS2022\VC\Tools\MSVC\14.35.32215\include\xutility(262,85): warning C4244: “参数”: 从“_Ty”转换到“TanmiClock::ull”，可能丢失数据
          with
          [
              _Ty=float
          ]
E:\software\VS2022\VC\Tools\MSVC\14.35.32215\include\xutility(268): message : 查看对正在编译的函数 模板 实例化“_Ty *std::construct_at<_Ty,std::string&,_Ty1&,float,float,bool,0x0>(_Ty *const ,std::string &,_Ty1 &,float &&,float &&,bool &&) noexcept(false)”的引用
          with
          [
              _Ty=TanmiClock::ClockElem,
              _Ty1=TanmiClock::ull
          ]
E:\software\VS2022\VC\Tools\MSVC\14.35.32215\include\memory(1983): message : 查看对正在编译的函数 模板 实例化“void std::_Construct_in_place<_Ty,std::string&,_Ty1&,float,float,bool>(_Ty &,std::string &,_Ty1 &,float &&,float &&,bool &&) noexcept(false)”的引用
          with
          [
              _Ty=TanmiClock::ClockElem,
              _Ty1=TanmiClock::ull
          ]
I:\EnginePrj\TanmiClock\TanmiClock\TanmiClock\TanmiClock_64.hpp(524): warning C4172: 返回局部变量或临时变量的地址: void_ull
I:\EnginePrj\TanmiClock\TanmiClock\TanmiClock\TanmiClock_64.hpp(480): warning C4172: 返回局部变量或临时变量的地址: void_ull
  TanmiClock.vcxproj -> I:\EnginePrj\TanmiClock\TanmiClock\TanmiClock\x64\Debug\TanmiClock.exe
